(2026-01-07T04:17:31.644925142) (2026-01-07T04:17:31.644932795) [Dbg] [gz.cc:161] Subscribing to [/ga(2026-01-07T04:17:31.646377309) (2026-01-07T04:17:31.646386537) [Dbg] [Gui.cc:253] Waiting for subscribers to [/gazebo/starting_world]...
(2026-01-07T04:17:31.810210538) (2026-01-07T04:17:31.810218625) [Dbg] [Application.cc:92] Initializing application.
(2026-01-07T04:17:31.811390787) (2026-01-07T04:17:31.811396758) [GUI] [Dbg] [Application.cc:555] Create main window
(2026-01-07T04:17:34.16343892) (2026-01-07T04:17:34.16351545) [GUI] [Wrn] [Application.cc:797] [QT] qrc:/qml/StyleDialog.qml:112:3: QML Connections: Implicitly defined onFoo properties in Connections are deprecated. Use this syntax instead: function onFoo(<arguments>) { ... }
(2026-01-07T04:17:34.16379876) (2026-01-07T04:17:34.16383545) [GUI] [Wrn] [Application.cc:797] [QT] qrc:/qml/StyleDialog.qml:105:3: QML Connections: Implicitly defined onFoo properties in Connections are deprecated. Use this syntax instead: function onFoo(<arguments>) { ... }
(2026-01-07T04:17:34.16396512) (2026-01-07T04:17:34.16399973) [GUI] [Wrn] [Application.cc:797] [QT] qrc:/qml/StyleDialog.qml:98:3: QML Connections: Implicitly defined onFoo properties in Connections are deprecated. Use this syntax instead: function onFoo(<arguments>) { ... }
(2026-01-07T04:17:34.17984492) (2026-01-07T04:17:34.17992156) [GUI] [Wrn] [Application.cc:797] [QT] qrc:qml/Main.qml:102:3: QML Connections: Implicitly defined onFoo properties in Connections are deprecated. Use this syntax instead: function onFoo(<arguments>) { ... }
(2026-01-07T04:17:34.19570181) (2026-01-07T04:17:34.19576795) [GUI] [Wrn] [Application.cc:797] [QT] qrc:/qml/PluginMenu.qml:27:3: QML Connections: Implicitly defined onFoo properties in Connections are deprecated. Use this syntax instead: function onFoo(<arguments>) { ... }
(2026-01-07T04:17:34.24484035) (2026-01-07T04:17:34.24494140) [GUI] [Dbg] [PathManager.cc:66] Requesting resource paths through [/gazebo/resource_paths/get]
(2026-01-07T04:17:34.27671369) (2026-01-07T04:17:34.27679310) [GUI] [Wrn] [Application.cc:797] [QT] file::/Gazebo/GazeboDrawer.qml:242:3: QML Connections: Implicitly defined onFoo properties in Connections are deprecated. Use this syntax instead: function onFoo(<arguments>) { ... }
(2026-01-07T04:17:34.31741214) (2026-01-07T04:17:34.31749472) [GUI] [Dbg] [Gui.cc:333] GUI requesting list of world names. The server may be busy downloading resources. Please be patient.
(2026-01-07T04:17:34.125243336) (2026-01-07T04:17:34.125258081) [GUI] [Dbg] [PathManager.cc:55] Received resource paths.
(2026-01-07T04:17:34.125495589) (2026-01-07T04:17:34.125504507) [GUI] [Dbg] [Gui.cc:391] Requesting GUI from [/world/default/gui/info]...
(2026-01-07T04:17:34.125935297) (2026-01-07T04:17:34.125941844) [GUI] [Dbg] [GuiRunner.cc:145] Requesting initial state from [/world/default/state]...
(2026-01-07T04:17:34.129222902) (2026-01-07T04:17:34.129229275) [GUI] [Msg] Loading config [/ros/.ignition/gazebo/6/gui.config]
(2026-01-07T04:17:34.129254822) (2026-01-07T04:17:34.129258616) [GUI] [Dbg] [Application.cc:426] Loading plugin [MinimalScene]
(2026-01-07T04:17:34.165898444) (2026-01-07T04:17:34.165906675) [GUI] [Msg] Added plugin [3D View] to main window
(2026-01-07T04:17:34.166012129) (2026-01-07T04:17:34.166016675) [GUI] [Msg] Loaded plugin [MinimalScene] from path [/usr/lib/x86_64-linux-gnu/ign-gui-6/plugins/libMinimalScene.so]
(2026-01-07T04:17:34.166045765) (2026-01-07T04:17:34.166049564) [GUI] [Dbg] [Application.cc:426] Loading plugin [EntityContextMenuPlugin]
(2026-01-07T04:17:34.173240547) (2026-01-07T04:17:34.173247967) [GUI] [Wrn] [Application.cc:797] [QT] file::/EntityContextMenuPlugin/EntityContextMenuPlugin.qml:57:5: QML Connections: Implicitly defined onFoo properties in Connections are deprecated. Use this syntax instead: function onFoo(<arguments>) { ... }
(2026-01-07T04:17:34.173582526) (2026-01-07T04:17:34.173587147) [GUI] [Wrn] [Application.cc:797] [QT] file::/EntityContextMenuPlugin/EntityContextMenuPlugin.qml:52:3: QML RenderWindowOverlay: Detected anchors on an item that is managed by a layout. This is undefined behavior; use Layout.alignment instead.
(2026-01-07T04:17:34.173609301) (2026-01-07T04:17:34.173611757) [GUI] [Wrn] [Application.cc:797] [QT] file::/EntityContextMenuPlugin/EntityContextMenuPlugin.qml:67:3: QML EntityContextMenu: Detected anchors on an item that is managed by a layout. This is undefined behavior; use Layout.alignment instead.
(2026-01-07T04:17:34.182790072) (2026-01-07T04:17:34.182796952) [GUI] [Wrn] [Application.cc:797] [QT] file::/EntityContextMenuPlugin/EntityContextMenuPlugin.qml:52:3: QML RenderWindowOverlay: Detected anchors on an item that is managed by a layout. This is undefined behavior; use Layout.alignment instead.
(2026-01-07T04:17:34.182813947) (2026-01-07T04:17:34.182816324) [GUI] [Wrn] [Application.cc:797] [QT] file::/EntityContextMenuPlugin/EntityContextMenuPlugin.qml:67:3: QML EntityContextMenu: Detected anchors on an item that is managed by a layout. This is undefined behavior; use Layout.alignment instead.
(2026-01-07T04:17:34.183089654) (2026-01-07T04:17:34.183093360) [GUI] [Wrn] [Application.cc:797] [QT] file::/EntityContextMenuPlugin/EntityContextMenuPlugin.qml:52:3: QML RenderWindowOverlay: Detected anchors on an item that is managed by a layout. This is undefined behavior; use Layout.alignment instead.
(2026-01-07T04:17:34.183104560) (2026-01-07T04:17:34.183106965) [GUI] [Wrn] [Application.cc:797] [QT] file::/EntityContextMenuPlugin/EntityContextMenuPlugin.qml:67:3: QML EntityContextMenu: Detected anchors on an item that is managed by a layout. This is undefined behavior; use Layout.alignment instead.
(2026-01-07T04:17:34.183845543) (2026-01-07T04:17:34.183850804) [GUI] [Wrn] [Application.cc:797] [QT] file::/EntityContextMenuPlugin/EntityContextMenuPlugin.qml:52:3: QML RenderWindowOverlay: Detected anchors on an item that is managed by a layout. This is undefined behavior; use Layout.alignment instead.
(2026-01-07T04:17:34.183865070) (2026-01-07T04:17:34.183867592) [GUI] [Wrn] [Application.cc:797] [QT] file::/EntityContextMenuPlugin/EntityContextMenuPlugin.qml:67:3: QML EntityContextMenu: Detected anchors on an item that is managed by a layout. This is undefined behavior; use Layout.alignment instead.
(2026-01-07T04:17:34.184128524) (2026-01-07T04:17:34.184132131) [GUI] [Wrn] [Application.cc:797] [QT] file::/EntityContextMenuPlugin/EntityContextMenuPlugin.qml:52:3: QML RenderWindowOverlay: Detected anchors on an item that is managed by a layout. This is undefined behavior; use Layout.alignment instead.
(2026-01-07T04:17:34.184142654) (2026-01-07T04:17:34.184145088) [GUI] [Wrn] [Application.cc:797] [QT] file::/EntityContextMenuPlugin/EntityContextMenuPlugin.qml:67:3: QML EntityContextMenu: Detected anchors on an item that is managed by a layout. This is undefined behavior; use Layout.alignment instead.
(2026-01-07T04:17:34.184335290) (2026-01-07T04:17:34.184338311) [GUI] [Wrn] [Application.cc:797] [QT] file::/EntityContextMenuPlugin/EntityContextMenuPlugin.qml:52:3: QML RenderWindowOverlay: Detected anchors on an item that is managed by a layout. This is undefined behavior; use Layout.alignment instead.
(2026-01-07T04:17:34.184347817) (2026-01-07T04:17:34.184350220) [GUI] [Wrn] [Application.cc:797] [QT] file::/EntityContextMenuPlugin/EntityContextMenuPlugin.qml:67:3: QML EntityContextMenu: Detected anchors on an item that is managed by a layout. This is undefined behavior; use Layout.alignment instead.
(2026-01-07T04:17:34.185352169) (2026-01-07T04:17:34.185358000) [GUI] [Msg] Added plugin [Entity Context Menu] to main window
(2026-01-07T04:17:34.185377088) (2026-01-07T04:17:34.185379482) [GUI] [Msg] Loaded plugin [EntityContextMenuPlugin] from path [/usr/lib/x86_64-linux-gnu/ign-gazebo-6/plugins/gui/libEntityContextMenuPlugin.so]
(2026-01-07T04:17:34.185397033) (2026-01-07T04:17:34.185399500) [GUI] [Dbg] [Application.cc:426] Loading plugin [GzSceneManager]
(2026-01-07T04:17:34.198981868) (2026-01-07T04:17:34.198989208) [GUI] [Msg] Added plugin [Scene Manager] to main window
(2026-01-07T04:17:34.199014424) (2026-01-07T04:17:34.199016979) [GUI] [Msg] Loaded plugin [GzSceneManager] from path [/usr/lib/x86_64-linux-gnu/ign-gazebo-6/plugins/gui/libGzSceneManager.so]
(2026-01-07T04:17:34.199042396) (2026-01-07T04:17:34.199045047) [GUI] [Dbg] [Application.cc:426] Loading plugin [InteractiveViewControl]
(2026-01-07T04:17:34.200642273) (2026-01-07T04:17:34.200647836) [GUI] [Msg] Camera view controller topic advertised on [/gui/camera/view_control]
(2026-01-07T04:17:34.200679415) (2026-01-07T04:17:34.200681926) [GUI] [Msg] Camera reference visual topic advertised on [/gui/camera/view_control/reference_visual]
(2026-01-07T04:17:34.200729770) (2026-01-07T04:17:34.200732514) [GUI] [Msg] Camera view control sensitivity advertised on [/gui/camera/view_control/sensitivity]
(2026-01-07T04:17:34.214379022) (2026-01-07T04:17:34.214387872) [GUI] [Msg] Added plugin [Interactive view control] to main window
(2026-01-07T04:17:34.214409983) (2026-01-07T04:17:34.214413156) [GUI] [Msg] Loaded plugin [InteractiveViewControl] from path [/usr/lib/x86_64-linux-gnu/ign-gui-6/plugins/libInteractiveViewControl.so]
(2026-01-07T04:17:34.214433898) (2026-01-07T04:17:34.214436691) [GUI] [Dbg] [Application.cc:426] Loading plugin [CameraTracking]
(2026-01-07T04:17:34.225776048) (2026-01-07T04:17:34.225791836) [GUI] [Msg] Added plugin [Camera tracking] to main window
(2026-01-07T04:17:34.225810649) (2026-01-07T04:17:34.225813133) [GUI] [Msg] Loaded plugin [CameraTracking] from path [/usr/lib/x86_64-linux-gnu/ign-gui-6/plugins/libCameraTracking.so]
(2026-01-07T04:17:34.225833196) (2026-01-07T04:17:34.225835698) [GUI] [Dbg] [Application.cc:426] Loading plugin [MarkerManager]
(2026-01-07T04:17:34.227544014) (2026-01-07T04:17:34.227549856) [GUI] [Msg] Listening to stats on [/world/default/stats]
(2026-01-07T04:17:34.238348318) (2026-01-07T04:17:34.238355533) [GUI] [Msg] Added plugin [Marker Manager] to main window
(2026-01-07T04:17:34.238373327) (2026-01-07T04:17:34.238375898) [GUI] [Msg] Loaded plugin [MarkerManager] from path [/usr/lib/x86_64-linux-gnu/ign-gui-6/plugins/libMarkerManager.so]
(2026-01-07T04:17:34.238393974) (2026-01-07T04:17:34.238396462) [GUI] [Dbg] [Application.cc:426] Loading plugin [SelectEntities]
(2026-01-07T04:17:34.253327586) (2026-01-07T04:17:34.253340793) [GUI] [Msg] Added plugin [Select entities] to main window
(2026-01-07T04:17:34.253374428) (2026-01-07T04:17:34.253380557) [GUI] [Msg] Loaded plugin [SelectEntities] from path [/usr/lib/x86_64-linux-gnu/ign-gazebo-6/plugins/gui/libSelectEntities.so]
(2026-01-07T04:17:34.253415408) (2026-01-07T04:17:34.253421554) [GUI] [Dbg] [Application.cc:426] Loading plugin [Spawn]
(2026-01-07T04:17:34.256895151) (2026-01-07T04:17:34.256905760) [GUI] [Wrn] [Application.cc:797] [QT] file::/Spawn/Spawn.qml:32:3: QML Connections: Implicitly defined onFoo properties in Connections are deprecated. Use this syntax instead: function onFoo(<arguments>) { ... }
(2026-01-07T04:17:34.267695620) (2026-01-07T04:17:34.267704234) [GUI] [Msg] Added plugin [Spawn] to main window
(2026-01-07T04:17:34.267723695) (2026-01-07T04:17:34.267726230) [GUI] [Msg] Loaded plugin [Spawn] from path [/usr/lib/x86_64-linux-gnu/ign-gazebo-6/plugins/gui/libSpawn.so]
(2026-01-07T04:17:34.267746260) (2026-01-07T04:17:34.267749231) [GUI] [Dbg] [Application.cc:426] Loading plugin [VisualizationCapabilities]
(2026-01-07T04:17:34.269944130) (2026-01-07T04:17:34.269949734) [GUI] [Msg] View as transparent service on [/gui/view/transparent]
(2026-01-07T04:17:34.269984191) (2026-01-07T04:17:34.269986747) [GUI] [Msg] View as wireframes service on [/gui/view/wireframes]
(2026-01-07T04:17:34.270011277) (2026-01-07T04:17:34.270013762) [GUI] [Msg] View center of mass service on [/gui/view/com]
(2026-01-07T04:17:34.270038439) (2026-01-07T04:17:34.270041230) [GUI] [Msg] View inertia service on [/gui/view/inertia]
(2026-01-07T04:17:34.270071317) (2026-01-07T04:17:34.270073714) [GUI] [Msg] View collisions service on [/gui/view/collisions]
(2026-01-07T04:17:34.270095993) (2026-01-07T04:17:34.270099339) [GUI] [Msg] View joints service on [/gui/view/joints]
(2026-01-07T04:17:34.270122059) (2026-01-07T04:17:34.270130883) [GUI] [Msg] View frames service on [/gui/view/frames]
(2026-01-07T04:17:34.282058610) (2026-01-07T04:17:34.282066715) [GUI] [Msg] Added plugin [Visualization capabilities] to main window
(2026-01-07T04:17:34.282086400) (2026-01-07T04:17:34.282088879) [GUI] [Msg] Loaded plugin [VisualizationCapabilities] from path [/usr/lib/x86_64-linux-gnu/ign-gazebo-6/plugins/gui/libVisualizationCapabilities.so]
(2026-01-07T04:17:34.282112951) (2026-01-07T04:17:34.282116110) [GUI] [Dbg] [Application.cc:426] Loading plugin [WorldControl]
(2026-01-07T04:17:34.286466742) (2026-01-07T04:17:34.286473769) [GUI] [Wrn] [Application.cc:797] [QT] file::/WorldControl/WorldControl.qml:30:3: QML Connections: Implicitly defined onFoo properties in Connections are deprecated. Use this syntax instead: function onFoo(<arguments>) { ... }
(2026-01-07T04:17:34.286665537) (2026-01-07T04:17:34.286669105) [GUI] [Msg] Using world control service [/world/default/control]
(2026-01-07T04:17:34.286881096) (2026-01-07T04:17:34.286884421) [GUI] [Msg] Listening to stats on [/world/default/stats]
(2026-01-07T04:17:34.286895818) (2026-01-07T04:17:34.286898185) [GUI] [Dbg] [WorldControl.cc:246] Using an event to share WorldControl msgs with the server
(2026-01-07T04:17:34.297341415) (2026-01-07T04:17:34.297349246) [GUI] [Msg] Added plugin [World control] to main window
(2026-01-07T04:17:34.297369394) (2026-01-07T04:17:34.297372024) [GUI] [Msg] Loaded plugin [WorldControl] from path [/usr/lib/x86_64-linux-gnu/ign-gui-6/plugins/libWorldControl.so]
(2026-01-07T04:17:34.297391180) (2026-01-07T04:17:34.297394524) [GUI] [Dbg] [Application.cc:426] Loading plugin [WorldStats]
(2026-01-07T04:17:34.300018099) (2026-01-07T04:17:34.300024734) [GUI] [Msg] Listening to stats on [/world/default/stats]
(2026-01-07T04:17:34.311908457) (2026-01-07T04:17:34.311916777) [GUI] [Msg] Added plugin [World stats] to main window
(2026-01-07T04:17:34.311937681) (2026-01-07T04:17:34.311940346) [GUI] [Msg] Loaded plugin [WorldStats] from path [/usr/lib/x86_64-linux-gnu/ign-gui-6/plugins/libWorldStats.so]
(2026-01-07T04:17:34.311960715) (2026-01-07T04:17:34.311963603) [GUI] [Dbg] [Application.cc:426] Loading plugin [Shapes]
(2026-01-07T04:17:34.328772667) (2026-01-07T04:17:34.328780480) [GUI] [Msg] Added plugin [Shapes] to main window
(2026-01-07T04:17:34.328810852) (2026-01-07T04:17:34.328813466) [GUI] [Msg] Loaded plugin [Shapes] from path [/usr/lib/x86_64-linux-gnu/ign-gazebo-6/plugins/gui/libShapes.so]
(2026-01-07T04:17:34.328834192) (2026-01-07T04:17:34.328836803) [GUI] [Dbg] [Application.cc:426] Loading plugin [Lights]
(2026-01-07T04:17:34.340411319) (2026-01-07T04:17:34.340418410) [GUI] [Msg] Added plugin [Lights] to main window
(2026-01-07T04:17:34.340434622) (2026-01-07T04:17:34.340437173) [GUI] [Msg] Loaded plugin [Lights] from path [/usr/lib/x86_64-linux-gnu/ign-gazebo-6/plugins/gui/libLights.so]
(2026-01-07T04:17:34.340455973) (2026-01-07T04:17:34.340459202) [GUI] [Dbg] [Application.cc:426] Loading plugin [TransformControl]
(2026-01-07T04:17:34.353363077) (2026-01-07T04:17:34.353375233) [GUI] [Wrn] [Application.cc:797] [QT] file::/TransformControl/TransformControl.qml:104:3: QML Connections: Implicitly defined onFoo properties in Connections are deprecated. Use this syntax instead: function onFoo(<arguments>) { ... }
(2026-01-07T04:17:34.353412802) (2026-01-07T04:17:34.353416851) [GUI] [Wrn] [Application.cc:797] [QT] file::/TransformControl/TransformControl.qml:99:3: QML Connections: Implicitly defined onFoo properties in Connections are deprecated. Use this syntax instead: function onFoo(<arguments>) { ... }
(2026-01-07T04:17:34.353433697) (2026-01-07T04:17:34.353439033) [GUI] [Wrn] [Application.cc:797] [QT] file::/TransformControl/TransformControl.qml:94:3: QML Connections: Implicitly defined onFoo properties in Connections are deprecated. Use this syntax instead: function onFoo(<arguments>) { ... }
(2026-01-07T04:17:34.353455769) (2026-01-07T04:17:34.353460071) [GUI] [Wrn] [Application.cc:797] [QT] file::/TransformControl/TransformControl.qml:89:3: QML Connections: Implicitly defined onFoo properties in Connections are deprecated. Use this syntax instead: function onFoo(<arguments>) { ... }
(2026-01-07T04:17:34.354618217) (2026-01-07T04:17:34.354631086) [GUI] [Dbg] [TransformControl.cc:222] Legacy mode is disabled; this plugin must be used with MinimalScene.
(2026-01-07T04:17:34.374065871) (2026-01-07T04:17:34.374080680) [GUI] [Msg] Added plugin [Transform control] to main window
(2026-01-07T04:17:34.374122379) (2026-01-07T04:17:34.374128767) [GUI] [Msg] Loaded plugin [TransformControl] from path [/usr/lib/x86_64-linux-gnu/ign-gazebo-6/plugins/gui/libTransformControl.so]
(2026-01-07T04:17:34.374165297) (2026-01-07T04:17:34.374171436) [GUI] [Dbg] [Application.cc:426] Loading plugin [Screenshot]
(2026-01-07T04:17:34.379782280) (2026-01-07T04:17:34.379794795) [GUI] [Msg] Screenshot service on [/gui/screenshot]
(2026-01-07T04:17:34.390123409) (2026-01-07T04:17:34.390131958) [GUI] [Msg] Added plugin [Screenshot] to main window
(2026-01-07T04:17:34.390151005) (2026-01-07T04:17:34.390153824) [GUI] [Msg] Loaded plugin [Screenshot] from path [/usr/lib/x86_64-linux-gnu/ign-gui-6/plugins/libScreenshot.so]
(2026-01-07T04:17:34.390174932) (2026-01-07T04:17:34.390177870) [GUI] [Dbg] [Application.cc:426] Loading plugin [CopyPaste]
(2026-01-07T04:17:34.402747552) (2026-01-07T04:17:34.402756428) [GUI] [Msg] Added plugin [Copy/Paste] to main window
(2026-01-07T04:17:34.402777081) (2026-01-07T04:17:34.402779885) [GUI] [Msg] Loaded plugin [CopyPaste] from path [/usr/lib/x86_64-linux-gnu/ign-gazebo-6/plugins/gui/libCopyPaste.so]
(2026-01-07T04:17:34.402806585) (2026-01-07T04:17:34.402809552) [GUI] [Dbg] [Application.cc:426] Loading plugin [ComponentInspector]
(2026-01-07T04:17:34.467820832) (2026-01-07T04:17:34.467828850) [GUI] [Msg] Added plugin [Component inspector] to main window
(2026-01-07T04:17:34.467850366) (2026-01-07T04:17:34.467853068) [GUI] [Msg] Loaded plugin [ComponentInspector] from path [/usr/lib/x86_64-linux-gnu/ign-gazebo-6/plugins/gui/libComponentInspector.so]
(2026-01-07T04:17:34.467874884) (2026-01-07T04:17:34.467878346) [GUI] [Dbg] [Application.cc:426] Loading plugin [EntityTree]
(2026-01-07T04:17:34.489385407) (2026-01-07T04:17:34.489392872) [GUI] [Wrn] [Application.cc:797] [QT] file::/EntityTree/EntityTree.qml:148:7: QML ToolButton: Detected anchors on an item that is managed by a layout. This is undefined behavior; use Layout.alignment instead.
(2026-01-07T04:17:34.498749208) (2026-01-07T04:17:34.498757578) [GUI] [Msg] Added plugin [Entity tree] to main window
(2026-01-07T04:17:34.498777640) (2026-01-07T04:17:34.498780240) [GUI] [Msg] Loaded plugin [EntityTree] from path [/usr/lib/x86_64-linux-gnu/ign-gazebo-6/plugins/gui/libEntityTree.so]
(2026-01-07T04:17:34.498806156) (2026-01-07T04:17:34.498808798) [GUI] [Dbg] [Application.cc:296] Loading window config
(2026-01-07T04:17:34.498860484) (2026-01-07T04:17:34.498863112) [GUI] [Msg] Using server control service [/server_control]
(2026-01-07T04:17:34.498872829) (2026-01-07T04:17:34.498875313) [GUI] [Dbg] [Application.cc:569] Applying config
(2026-01-07T04:17:34.555371604) (2026-01-07T04:17:34.555379677) [GUI] [Wrn] [Application.cc:797] [QT] file::/WorldStats/WorldStats.qml:53:3: QML RowLayout: Binding loop detected for property "x"
(2026-01-07T04:17:34.556769349) (2026-01-07T04:17:34.556773232) [GUI] [Wrn] [Application.cc:797] [QT] file::/EntityContextMenuPlugin/EntityContextMenuPlugin.qml:52:3: QML RenderWindowOverlay: Detected anchors on an item that is managed by a layout. This is undefined behavior; use Layout.alignment instead.
(2026-01-07T04:17:34.556792005) (2026-01-07T04:17:34.556794588) [GUI] [Wrn] [Application.cc:797] [QT] file::/EntityContextMenuPlugin/EntityContextMenuPlugin.qml:67:3: QML EntityContextMenu: Detected anchors on an item that is managed by a layout. This is undefined behavior; use Layout.alignment instead.
(2026-01-07T04:17:34.907585756) (2026-01-07T04:17:34.907592335) [GUI] [Wrn] [Component.hh:189] Trying to deserialize component with data type [N3sdf3v125WorldE], which doesn't have `operator>>`. Component will not be deserialized.
(2026-01-07T04:17:34.933826468) (2026-01-07T04:17:34.933835092) [GUI] [Wrn] [Model.hh:98] Unable to deserialize sdf::Model
(2026-01-07T04:17:34.994021710) (2026-01-07T04:17:34.994028875) [GUI] [Wrn] [Model.hh:98] Unable to deserialize sdf::Model
(2026-01-07T04:17:35.54922227) (2026-01-07T04:17:35.54931408) [GUI] [Wrn] [Model.hh:98] Unable to deserialize sdf::Model
(2026-01-07T04:17:35.114958424) (2026-01-07T04:17:35.114967687) [GUI] [Wrn] [Model.hh:98] Unable to deserialize sdf::Model
(2026-01-07T04:17:35.174388279) (2026-01-07T04:17:35.174395552) [GUI] [Wrn] [Model.hh:98] Unable to deserialize sdf::Model
(2026-01-07T04:17:35.234132784) (2026-01-07T04:17:35.234141627) [GUI] [Wrn] [Model.hh:98] Unable to deserialize sdf::Model
(2026-01-07T04:17:35.294521524) (2026-01-07T04:17:35.294528145) [GUI] [Wrn] [Model.hh:98] Unable to deserialize sdf::Model
(2026-01-07T04:17:35.357285615) (2026-01-07T04:17:35.357293247) [GUI] [Wrn] [Model.hh:98] Unable to deserialize sdf::Model
(2026-01-07T04:17:35.423425454) (2026-01-07T04:17:35.423434074) [GUI] [Wrn] [Model.hh:98] Unable to deserialize sdf::Model
(2026-01-07T04:17:35.488827806) (2026-01-07T04:17:35.488836203) [GUI] [Wrn] [Model.hh:98] Unable to deserialize sdf::Model
(2026-01-07T04:17:35.552305532) (2026-01-07T04:17:35.552314498) [GUI] [Wrn] [Model.hh:98] Unable to deserialize sdf::Model
(2026-01-07T04:17:35.616838321) (2026-01-07T04:17:35.616846032) [GUI] [Wrn] [Model.hh:98] Unable to deserialize sdf::Model
(2026-01-07T04:17:35.679017666) (2026-01-07T04:17:35.679024747) [GUI] [Wrn] [Model.hh:98] Unable to deserialize sdf::Model
(2026-01-07T04:17:35.739014098) (2026-01-07T04:17:35.739022529) [GUI] [Wrn] [Model.hh:98] Unable to deserialize sdf::Model
(2026-01-07T04:17:35.799917746) (2026-01-07T04:17:35.799925965) [GUI] [Wrn] [Model.hh:98] Unable to deserialize sdf::Model
(2026-01-07T04:17:35.862550340) (2026-01-07T04:17:35.862558792) [GUI] [Wrn] [Model.hh:98] Unable to deserialize sdf::Model
(2026-01-07T04:17:35.924134648) (2026-01-07T04:17:35.924143319) [GUI] [Wrn] [Model.hh:98] Unable to deserialize sdf::Model
(2026-01-07T04:17:35.985071470) (2026-01-07T04:17:35.985080182) [GUI] [Wrn] [Model.hh:98] Unable to deserialize sdf::Model
(2026-01-07T04:17:36.47083646) (2026-01-07T04:17:36.47090690) [GUI] [Wrn] [Model.hh:98] Unable to deserialize sdf::Model
(2026-01-07T04:17:36.107977998) (2026-01-07T04:17:36.107986142) [GUI] [Wrn] [Model.hh:98] Unable to deserialize sdf::Model
(2026-01-07T04:17:36.174162222) (2026-01-07T04:17:36.174170268) [GUI] [Wrn] [Model.hh:98] Unable to deserialize sdf::Model
(2026-01-07T04:17:36.236520106) (2026-01-07T04:17:36.236527936) [GUI] [Wrn] [Model.hh:98] Unable to deserialize sdf::Model
(2026-01-07T04:17:36.297489709) (2026-01-07T04:17:36.297498450) [GUI] [Wrn] [Model.hh:98] Unable to deserialize sdf::Model
(2026-01-07T04:17:36.537347092) (2026-01-07T04:17:36.537355428) [GUI] [Wrn] [Model.hh:98] Unable to deserialize sdf::Model
(2026-01-07T04:17:36.601475198) (2026-01-07T04:17:36.601481968) [GUI] [Wrn] [Model.hh:98] Unable to deserialize sdf::Model
(2026-01-07T04:17:36.661658144) (2026-01-07T04:17:36.661666106) [GUI] [Wrn] [Model.hh:98] Unable to deserialize sdf::Model
(2026-01-07T04:17:36.721788281) (2026-01-07T04:17:36.721797197) [GUI] [Wrn] [Model.hh:98] Unable to deserialize sdf::Model
(2026-01-07T04:17:36.782283753) (2026-01-07T04:17:36.782290955) [GUI] [Wrn] [Model.hh:98] Unable to deserialize sdf::Model
(2026-01-07T04:17:36.846500058) (2026-01-07T04:17:36.846508881) [GUI] [Wrn] [Model.hh:98] Unable to deserialize sdf::Model
(2026-01-07T04:17:36.908777946) (2026-01-07T04:17:36.908791469) [GUI] [Wrn] [Model.hh:98] Unable to deserialize sdf::Model
(2026-01-07T04:17:36.971049124) (2026-01-07T04:17:36.971057402) [GUI] [Wrn] [Model.hh:98] Unable to deserialize sdf::Model
(2026-01-07T04:17:37.31934985) (2026-01-07T04:17:37.31943510) [GUI] [Wrn] [Model.hh:98] Unable to deserialize sdf::Model
(2026-01-07T04:17:37.294288878) (2026-01-07T04:17:37.294300563) [GUI] [Wrn] [Model.hh:98] Unable to deserialize sdf::Model
(2026-01-07T04:17:37.356868695) (2026-01-07T04:17:37.356876867) [GUI] [Wrn] [Model.hh:98] Unable to deserialize sdf::Model
(2026-01-07T04:17:37.419216561) (2026-01-07T04:17:37.419224769) [GUI] [Wrn] [Model.hh:98] Unable to deserialize sdf::Model
(2026-01-07T04:17:37.480420741) (2026-01-07T04:17:37.480428147) [GUI] [Wrn] [Model.hh:98] Unable to deserialize sdf::Model
(2026-01-07T04:17:37.542947250) (2026-01-07T04:17:37.542954213) [GUI] [Wrn] [Model.hh:98] Unable to deserialize sdf::Model
(2026-01-07T04:17:37.603307441) (2026-01-07T04:17:37.603315615) [GUI] [Wrn] [Model.hh:98] Unable to deserialize sdf::Model
(2026-01-07T04:17:37.665947821) (2026-01-07T04:17:37.665954996) [GUI] [Wrn] [Model.hh:98] Unable to deserialize sdf::Model
(2026-01-07T04:17:37.727140286) (2026-01-07T04:17:37.727148576) [GUI] [Wrn] [Model.hh:98] Unable to deserialize sdf::Model
(2026-01-07T04:17:37.790129399) (2026-01-07T04:17:37.790137716) [GUI] [Wrn] [Model.hh:98] Unable to deserialize sdf::Model
(2026-01-07T04:17:37.855313121) (2026-01-07T04:17:37.855321353) [GUI] [Wrn] [Model.hh:98] Unable to deserialize sdf::Model
(2026-01-07T04:17:37.918575140) (2026-01-07T04:17:37.918583476) [GUI] [Wrn] [Model.hh:98] Unable to deserialize sdf::Model
(2026-01-07T04:17:37.981634602) (2026-01-07T04:17:37.981643982) [GUI] [Wrn] [Model.hh:98] Unable to deserialize sdf::Model
(2026-01-07T04:17:38.45918370) (2026-01-07T04:17:38.45926589) [GUI] [Wrn] [Model.hh:98] Unable to deserialize sdf::Model
(2026-01-07T04:17:38.109039401) (2026-01-07T04:17:38.109047705) [GUI] [Wrn] [Model.hh:98] Unable to deserialize sdf::Model
(2026-01-07T04:17:38.171078189) (2026-01-07T04:17:38.171084894) [GUI] [Msg] Loading plugin [ignition-rendering-ogre2]
(2026-01-07T04:17:38.315972713) (2026-01-07T04:17:38.315977794) [GUI] [Dbg] [MinimalScene.cc:602] Create scene [scene]
(2026-01-07T04:17:38.354850048) (2026-01-07T04:17:38.354856824) [GUI] [Msg] Loading plugin [ignition-rendering-ogre2]
(2026-01-07T04:17:38.354976134) (2026-01-07T04:17:38.354979118) [GUI] [Dbg] [TransformControl.cc:531] TransformControl plugin is using camera [scene::Camera(65527)]
(2026-01-07T04:17:38.355022985) (2026-01-07T04:17:38.355025526) [GUI] [Msg] Loading plugin [ignition-rendering-ogre2]
(2026-01-07T04:17:38.355072921) (2026-01-07T04:17:38.355075708) [GUI] [Msg] Loading plugin [ignition-rendering-ogre2]
(2026-01-07T04:17:38.355114890) (2026-01-07T04:17:38.355117450) [GUI] [Dbg] [Spawn.cc:289] Spawn plugin is using camera [scene::Camera(65527)]
(2026-01-07T04:17:38.355132291) (2026-01-07T04:17:38.355134753) [GUI] [Msg] Loading plugin [ignition-rendering-ogre2]
(2026-01-07T04:17:38.355171517) (2026-01-07T04:17:38.355174093) [GUI] [Dbg] [SelectEntities.cc:451] SelectEntities plugin is using camera [scene::Camera(65527)]
(2026-01-07T04:17:38.355189513) (2026-01-07T04:17:38.355191988) [GUI] [Msg] Loading plugin [ignition-rendering-ogre2]
(2026-01-07T04:17:38.355353144) (2026-01-07T04:17:38.355356011) [GUI] [Dbg] [MarkerManager.cc:173] Advertise /marker/list service.
(2026-01-07T04:17:38.355443276) (2026-01-07T04:17:38.355447303) [GUI] [Dbg] [MarkerManager.cc:183] Advertise /marker/list.
(2026-01-07T04:17:38.355487511) (2026-01-07T04:17:38.355491532) [GUI] [Dbg] [MarkerManager.cc:193] Advertise /marker_array.
(2026-01-07T04:17:38.355508922) (2026-01-07T04:17:38.355512858) [GUI] [Msg] Loading plugin [ignition-rendering-ogre2]
(2026-01-07T04:17:38.355599005) (2026-01-07T04:17:38.355603177) [GUI] [Dbg] [CameraTracking.cc:181] CameraTrackingPrivate plugin is moving camera [scene::Camera(65527)]
(2026-01-07T04:17:38.355662818) (2026-01-07T04:17:38.355665473) [GUI] [Msg] Move to service on [/gui/move_to]
(2026-01-07T04:17:38.355693233) (2026-01-07T04:17:38.355695772) [GUI] [Msg] Follow service on [/gui/follow]
(2026-01-07T04:17:38.355747638) (2026-01-07T04:17:38.355750268) [GUI] [Msg] Move to pose service on [/gui/move_to/pose]
(2026-01-07T04:17:38.355812103) (2026-01-07T04:17:38.355814703) [GUI] [Msg] Camera pose topic advertised on [/gui/camera/pose]
(2026-01-07T04:17:38.355855159) (2026-01-07T04:17:38.355858515) [GUI] [Msg] Follow offset service on [/gui/follow/offset]
(2026-01-07T04:17:38.355881081) (2026-01-07T04:17:38.355883560) [GUI] [Msg] Loading plugin [ignition-rendering-ogre2]
(2026-01-07T04:17:38.355940822) (2026-01-07T04:17:38.355943350) [GUI] [Dbg] [InteractiveViewControl.cc:174] InteractiveViewControl plugin is moving camera [scene::Camera(65527)]
(2026-01-07T04:17:38.355959639) (2026-01-07T04:17:38.355962120) [GUI] [Msg] Loading plugin [ignition-rendering-ogre2]
(2026-01-07T04:17:38.409806165) Triangle input has a count of zero. This is likely not desired
(2026-01-07T04:17:38.425483716) Triangle input has a count of zero. This is likely not desired
(2026-01-07T04:17:38.503114658) Triangle input has a count of zero. This is likely not desired
(2026-01-07T04:17:38.503220588) Triangle input has a count of zero. This is likely not desired
(2026-01-07T04:17:38.510426012) Triangle input has a count of zero. This is likely not desired
(2026-01-07T04:17:38.510503245) Triangle input has a count of zero. This is likely not desired
(2026-01-07T04:17:38.561724627) (2026-01-07T04:17:38.561730426) [GUI] [Wrn] [ColladaLoader.cc:2394] Triangle input semantic: 'COLOR' is currently not supported
(2026-01-07T04:17:38.563519863) (2026-01-07T04:17:38.563524118) [GUI] [Wrn] [ColladaLoader.cc:2394] Triangle input semantic: 'COLOR' is currently not supported
(2026-01-07T04:17:38.806440719) (2026-01-07T04:17:38.806446736) [GUI] [Msg] Loading plugin [ignition-rendering-ogre2]
(2026-01-07T04:17:38.806558083) (2026-01-07T04:17:38.806561088) [GUI] [Dbg] [EntityContextMenuPlugin.cc:79] Entity context menu plugin is using camera [scene::Camera(65527)]
(2026-01-07T04:23:50.317986052) (2026-01-07T04:23:50.317996287) [GUI] [Wrn] [Model.hh:49] Unable to serialize sdf::Model
(2026-01-07T04:23:50.318083440) (2026-01-07T04:23:50.318089324) [GUI] [Wrn] [Model.hh:49] Unable to serialize sdf::Model
(2026-01-07T04:23:50.318188475) (2026-01-07T04:23:50.318193887) [GUI] [Wrn] [Model.hh:49] Unable to serialize sdf::Model
(2026-01-07T04:23:50.318284741) (2026-01-07T04:23:50.318290154) [GUI] [Wrn] [Model.hh:49] Unable to serialize sdf::Model
(2026-01-07T04:23:50.318379547) (2026-01-07T04:23:50.318385835) [GUI] [Wrn] [Model.hh:49] Unable to serialize sdf::Model
(2026-01-07T04:23:50.318468870) (2026-01-07T04:23:50.318474215) [GUI] [Wrn] [Model.hh:49] Unable to serialize sdf::Model
(2026-01-07T04:23:50.318553596) (2026-01-07T04:23:50.318558952) [GUI] [Wrn] [Model.hh:49] Unable to serialize sdf::Model
(2026-01-07T04:23:50.318640641) (2026-01-07T04:23:50.318645983) [GUI] [Wrn] [Model.hh:49] Unable to serialize sdf::Model
(2026-01-07T04:23:50.318704708) (2026-01-07T04:23:50.318710910) [GUI] [Wrn] [Component.hh:144] Trying to serialize component with data type [N3sdf3v125WorldE], which doesn't have `operator<<`. Component will not be serialized.
(2026-01-07T04:23:50.318934719) (2026-01-07T04:23:50.318940252) [GUI] [Wrn] [Model.hh:49] Unable to serialize sdf::Model
(2026-01-07T04:23:50.319623060) (2026-01-07T04:23:50.319627938) [GUI] [Wrn] [Model.hh:49] Unable to serialize sdf::Model
(2026-01-07T04:23:50.319702903) (2026-01-07T04:23:50.319707525) [GUI] [Wrn] [Model.hh:49] Unable to serialize sdf::Model
(2026-01-07T04:23:50.319772409) (2026-01-07T04:23:50.319777135) [GUI] [Wrn] [Model.hh:49] Unable to serialize sdf::Model
(2026-01-07T04:23:50.319859124) (2026-01-07T04:23:50.319863892) [GUI] [Wrn] [Model.hh:49] Unable to serialize sdf::Model
(2026-01-07T04:23:50.319933858) (2026-01-07T04:23:50.319938505) [GUI] [Wrn] [Model.hh:49] Unable to serialize sdf::Model
(2026-01-07T04:23:50.320006335) (2026-01-07T04:23:50.320011159) [GUI] [Wrn] [Model.hh:49] Unable to serialize sdf::Model
(2026-01-07T04:23:50.320084641) (2026-01-07T04:23:50.320089386) [GUI] [Wrn] [Model.hh:49] Unable to serialize sdf::Model
(2026-01-07T04:23:50.320153377) (2026-01-07T04:23:50.320158034) [GUI] [Wrn] [Model.hh:49] Unable to serialize sdf::Model
(2026-01-07T04:23:50.320225451) (2026-01-07T04:23:50.320230094) [GUI] [Wrn] [Model.hh:49] Unable to serialize sdf::Model
(2026-01-07T04:23:50.320315373) (2026-01-07T04:23:50.320320128) [GUI] [Wrn] [Model.hh:49] Unable to serialize sdf::Model
(2026-01-07T04:23:50.320418638) (2026-01-07T04:23:50.320422613) [GUI] [Wrn] [Model.hh:49] Unable to serialize sdf::Model
(2026-01-07T04:23:50.320511984) (2026-01-07T04:23:50.320515904) [GUI] [Wrn] [Model.hh:49] Unable to serialize sdf::Model
(2026-01-07T04:23:50.320596868) (2026-01-07T04:23:50.320600760) [GUI] [Wrn] [Model.hh:49] Unable to serialize sdf::Model
(2026-01-07T04:23:50.320684426) (2026-01-07T04:23:50.320688307) [GUI] [Wrn] [Model.hh:49] Unable to serialize sdf::Model
(2026-01-07T04:24:04.486122584) (2026-01-07T04:24:04.486144458) [GUI] [Wrn] [Model.hh:49] Unable to serialize sdf::Model
(2026-01-07T04:24:04.486324595) (2026-01-07T04:24:04.486334704) [GUI] [Wrn] [Model.hh:49] Unable to serialize sdf::Model
(2026-01-07T04:24:04.486518310) (2026-01-07T04:24:04.486528830) [GUI] [Wrn] [Model.hh:49] Unable to serialize sdf::Model
(2026-01-07T04:24:04.486704021) (2026-01-07T04:24:04.486713609) [GUI] [Wrn] [Model.hh:49] Unable to serialize sdf::Model
(2026-01-07T04:24:04.486916113) (2026-01-07T04:24:04.486927334) [GUI] [Wrn] [Model.hh:49] Unable to serialize sdf::Model
(2026-01-07T04:24:04.487100448) (2026-01-07T04:24:04.487115396) [GUI] [Wrn] [Model.hh:49] Unable to serialize sdf::Model
(2026-01-07T04:24:04.487291283) (2026-01-07T04:24:04.487300933) [GUI] [Wrn] [Model.hh:49] Unable to serialize sdf::Model
(2026-01-07T04:24:04.487471650) (2026-01-07T04:24:04.487480954) [GUI] [Wrn] [Model.hh:49] Unable to serialize sdf::Model
(2026-01-07T04:24:04.488024226) (2026-01-07T04:24:04.488036486) [GUI] [Wrn] [Model.hh:49] Unable to serialize sdf::Model
(2026-01-07T04:24:04.488988663) (2026-01-07T04:24:04.488993297) [GUI] [Wrn] [Model.hh:49] Unable to serialize sdf::Model
(2026-01-07T04:24:04.489078519) (2026-01-07T04:24:04.489083432) [GUI] [Wrn] [Model.hh:49] Unable to serialize sdf::Model
(2026-01-07T04:24:04.489157754) (2026-01-07T04:24:04.489161964) [GUI] [Wrn] [Model.hh:49] Unable to serialize sdf::Model
(2026-01-07T04:24:04.489247010) (2026-01-07T04:24:04.489251065) [GUI] [Wrn] [Model.hh:49] Unable to serialize sdf::Model
(2026-01-07T04:24:04.489326935) (2026-01-07T04:24:04.489331158) [GUI] [Wrn] [Model.hh:49] Unable to serialize sdf::Model
(2026-01-07T04:24:04.489405241) (2026-01-07T04:24:04.489409553) [GUI] [Wrn] [Model.hh:49] Unable to serialize sdf::Model
(2026-01-07T04:24:04.489492008) (2026-01-07T04:24:04.489496586) [GUI] [Wrn] [Model.hh:49] Unable to serialize sdf::Model
(2026-01-07T04:24:04.489564596) (2026-01-07T04:24:04.489568470) [GUI] [Wrn] [Model.hh:49] Unable to serialize sdf::Model
(2026-01-07T04:24:04.489640482) (2026-01-07T04:24:04.489644329) [GUI] [Wrn] [Model.hh:49] Unable to serialize sdf::Model
(2026-01-07T04:24:04.489737058) (2026-01-07T04:24:04.489741195) [GUI] [Wrn] [Model.hh:49] Unable to serialize sdf::Model
(2026-01-07T04:24:04.489832681) (2026-01-07T04:24:04.489836633) [GUI] [Wrn] [Model.hh:49] Unable to serialize sdf::Model
(2026-01-07T04:24:04.489924018) (2026-01-07T04:24:04.489928008) [GUI] [Wrn] [Model.hh:49] Unable to serialize sdf::Model
(2026-01-07T04:24:04.490011503) (2026-01-07T04:24:04.490016280) [GUI] [Wrn] [Model.hh:49] Unable to serialize sdf::Model
(2026-01-07T04:24:04.490101534) (2026-01-07T04:24:04.490105404) [GUI] [Wrn] [Model.hh:49] Unable to serialize sdf::Model
(2026-01-07T04:26:41.53925766) (2026-01-07T04:26:41.53945754) [GUI] [Dbg] [SignalHandler.cc:141] Received signal[2].
(2026-01-07T04:26:41.54018942) (2026-01-07T04:26:41.54031264) [GUI] [Dbg] [Gui.cc:472] Shutting down ign-gazebo-gui
(2026-01-07T04:26:41.54058305) (2026-01-07T04:26:41.54068415) [GUI] [Dbg] [Application.cc:140] Terminating application.
(2026-01-07T04:26:41.74062099) (2026-01-07T04:26:41.74077162) [GUI] [Msg] Loading plugin [ignition-rendering-ogre2]
(2026-01-07T04:26:41.74820139) (2026-01-07T04:26:41.74831062) [GUI] [Dbg] [MinimalScene.cc:657] Destroy scene [scene]
(2026-01-07T04:26:41.124571859) (2026-01-07T04:26:41.124580017) [GUI] [Wrn] [Application.cc:797] [QT] qrc:qml/Main.qml:52: TypeError: Cannot read property 'dialogOnExitText' of null
(2026-01-07T04:26:41.124608994) (2026-01-07T04:26:41.124611834) [GUI] [Wrn] [Application.cc:797] [QT] qrc:qml/Main.qml:54: TypeError: Cannot read property 'exitDialogShowCloseGui' of null
(2026-01-07T04:26:41.124623229) (2026-01-07T04:26:41.124626649) [GUI] [Wrn] [Application.cc:797] [QT] qrc:qml/Main.qml:53: TypeError: Cannot read property 'exitDialogShowShutdown' of null
(2026-01-07T04:26:41.124648915) (2026-01-07T04:26:41.124652435) [GUI] [Wrn] [Application.cc:797] [QT] qrc:qml/Main.qml:251: TypeError: Cannot read property 'showDrawer' of null
(2026-01-07T04:26:41.124666855) (2026-01-07T04:26:41.124669515) [GUI] [Wrn] [Application.cc:797] [QT] qrc:/qml/SideDrawer.qml:93: TypeError: Cannot read property 'showDefaultDrawerOpts' of null
(2026-01-07T04:26:41.124683539) (2026-01-07T04:26:41.124686257) [GUI] [Wrn] [Application.cc:797] [QT] qrc:/qml/IgnSplit.qml:56: TypeError: Cannot read property 'pluginCount' of null
(2026-01-07T04:26:41.124700623) (2026-01-07T04:26:41.124704043) [GUI] [Wrn] [Application.cc:797] [QT] qrc:qml/Main.qml:41: TypeError: Cannot read property 'toolBarColorLight' of null
(2026-01-07T04:26:41.124715529) (2026-01-07T04:26:41.124718181) [GUI] [Wrn] [Application.cc:797] [QT] qrc:qml/Main.qml:42: TypeError: Cannot read property 'toolBarTextColorLight' of null
(2026-01-07T04:26:41.124729045) (2026-01-07T04:26:41.124731754) [GUI] [Wrn] [Application.cc:797] [QT] qrc:qml/Main.qml:43: TypeError: Cannot read property 'toolBarColorDark' of null
(2026-01-07T04:26:41.124746235) (2026-01-07T04:26:41.124748984) [GUI] [Wrn] [Application.cc:797] [QT] qrc:qml/Main.qml:44: TypeError: Cannot read property 'toolBarTextColorDark' of null
(2026-01-07T04:26:41.124760108) (2026-01-07T04:26:41.124763602) [GUI] [Wrn] [Application.cc:797] [QT] qrc:qml/Main.qml:45: TypeError: Cannot read property 'pluginToolBarColorLight' of null
(2026-01-07T04:26:41.124775758) (2026-01-07T04:26:41.124778453) [GUI] [Wrn] [Application.cc:797] [QT] qrc:qml/Main.qml:46: TypeError: Cannot read property 'pluginToolBarTextColorLight' of null
(2026-01-07T04:26:41.124794768) (2026-01-07T04:26:41.124797477) [GUI] [Wrn] [Application.cc:797] [QT] qrc:qml/Main.qml:47: TypeError: Cannot read property 'pluginToolBarColorDark' of null
(2026-01-07T04:26:41.124808684) (2026-01-07T04:26:41.124812181) [GUI] [Wrn] [Application.cc:797] [QT] qrc:qml/Main.qml:48: TypeError: Cannot read property 'pluginToolBarTextColorDark' of null
(2026-01-07T04:26:41.124823171) (2026-01-07T04:26:41.124826366) [GUI] [Wrn] [Application.cc:797] [QT] qrc:qml/Main.qml:50: TypeError: Cannot read property 'defaultExitAction' of null
(2026-01-07T04:26:41.124837306) (2026-01-07T04:26:41.124839915) [GUI] [Wrn] [Application.cc:797] [QT] qrc:qml/Main.qml:51: TypeError: Cannot read property 'showDialogOnExit' of null
(2026-01-07T04:26:41.124852195) (2026-01-07T04:26:41.124854869) [GUI] [Wrn] [Application.cc:797] [QT] qrc:qml/Main.qml:55: TypeError: Cannot read property 'exitDialogShutdownText' of null
(2026-01-07T04:26:41.124866447) (2026-01-07T04:26:41.124870689) [GUI] [Wrn] [Application.cc:797] [QT] qrc:qml/Main.qml:56: TypeError: Cannot read property 'exitDialogCloseGuiText' of null
(2026-01-07T04:26:41.124885100) (2026-01-07T04:26:41.124888206) [GUI] [Wrn] [Application.cc:797] [QT] qrc:qml/Main.qml:66: TypeError: Cannot read property 'toolBarColorLight' of null
(2026-01-07T04:26:41.124954831) (2026-01-07T04:26:41.124958423) [GUI] [Wrn] [Application.cc:797] [QT] qrc:qml/Main.qml:76: TypeError: Cannot read property 'toolBarTextColorLight' of null
(2026-01-07T04:26:41.124975278) (2026-01-07T04:26:41.124977935) [GUI] [Wrn] [Application.cc:797] [QT] qrc:qml/Main.qml:219: TypeError: Cannot read property 'showPluginMenu' of null
(2026-01-07T04:26:41.124989017) (2026-01-07T04:26:41.124991775) [GUI] [Wrn] [Application.cc:797] [QT] qrc:qml/Main.qml:202: TypeError: Cannot read property 'showDrawer' of null
(2026-01-07T04:26:41.125004104) (2026-01-07T04:26:41.125006813) [GUI] [Wrn] [Application.cc:797] [QT] qrc:qml/Main.qml:188: TypeError: Cannot read property 'showDrawer' of null
(2026-01-07T04:26:41.125025930) (2026-01-07T04:26:41.125028645) [GUI] [Wrn] [Application.cc:797] [QT] file::qml/IgnCard.qml:128: TypeError: Cannot read property 'pluginToolBarColorLight' of null
(2026-01-07T04:26:41.125044518) (2026-01-07T04:26:41.125047182) [GUI] [Wrn] [Application.cc:797] [QT] file::qml/IgnCard.qml:139: TypeError: Cannot read property 'pluginToolBarTextColorLight' of null
(2026-01-07T04:26:41.125061644) (2026-01-07T04:26:41.125064322) [GUI] [Wrn] [Application.cc:797] [QT] file::qml/IgnCard.qml:128: TypeError: Cannot read property 'pluginToolBarColorLight' of null
(2026-01-07T04:26:41.125077788) (2026-01-07T04:26:41.125080505) [GUI] [Wrn] [Application.cc:797] [QT] file::qml/IgnCard.qml:139: TypeError: Cannot read property 'pluginToolBarTextColorLight' of null
(2026-01-07T04:26:41.125092650) (2026-01-07T04:26:41.125095340) [GUI] [Wrn] [Application.cc:797] [QT] file::qml/IgnCard.qml:128: TypeError: Cannot read property 'pluginToolBarColorLight' of null
(2026-01-07T04:26:41.125107703) (2026-01-07T04:26:41.125110370) [GUI] [Wrn] [Application.cc:797] [QT] file::qml/IgnCard.qml:139: TypeError: Cannot read property 'pluginToolBarTextColorLight' of null
(2026-01-07T04:26:41.125122700) (2026-01-07T04:26:41.125125336) [GUI] [Wrn] [Application.cc:797] [QT] file::qml/IgnCard.qml:128: TypeError: Cannot read property 'pluginToolBarColorLight' of null
(2026-01-07T04:26:41.125138137) (2026-01-07T04:26:41.125140792) [GUI] [Wrn] [Application.cc:797] [QT] file::qml/IgnCard.qml:139: TypeError: Cannot read property 'pluginToolBarTextColorLight' of null
(2026-01-07T04:26:41.125158717) (2026-01-07T04:26:41.125161469) [GUI] [Wrn] [Application.cc:797] [QT] file::qml/IgnCard.qml:128: TypeError: Cannot read property 'pluginToolBarColorLight' of null
(2026-01-07T04:26:41.125176464) (2026-01-07T04:26:41.125180917) [GUI] [Wrn] [Application.cc:797] [QT] file::qml/IgnCard.qml:139: TypeError: Cannot read property 'pluginToolBarTextColorLight' of null
(2026-01-07T04:26:41.125194279) (2026-01-07T04:26:41.125196943) [GUI] [Wrn] [Application.cc:797] [QT] file::qml/IgnCard.qml:128: TypeError: Cannot read property 'pluginToolBarColorLight' of null
(2026-01-07T04:26:41.125209091) (2026-01-07T04:26:41.125211755) [GUI] [Wrn] [Application.cc:797] [QT] file::qml/IgnCard.qml:139: TypeError: Cannot read property 'pluginToolBarTextColorLight' of null
(2026-01-07T04:26:41.125224153) (2026-01-07T04:26:41.125226859) [GUI] [Wrn] [Application.cc:797] [QT] file::qml/IgnCard.qml:128: TypeError: Cannot read property 'pluginToolBarColorLight' of null
(2026-01-07T04:26:41.125239037) (2026-01-07T04:26:41.125241681) [GUI] [Wrn] [Application.cc:797] [QT] file::qml/IgnCard.qml:139: TypeError: Cannot read property 'pluginToolBarTextColorLight' of null
(2026-01-07T04:26:41.125253649) (2026-01-07T04:26:41.125256844) [GUI] [Wrn] [Application.cc:797] [QT] file::qml/IgnCard.qml:128: TypeError: Cannot read property 'pluginToolBarColorLight' of null
(2026-01-07T04:26:41.125270324) (2026-01-07T04:26:41.125272973) [GUI] [Wrn] [Application.cc:797] [QT] file::qml/IgnCard.qml:139: TypeError: Cannot read property 'pluginToolBarTextColorLight' of null
(2026-01-07T04:26:41.125284864) (2026-01-07T04:26:41.125287520) [GUI] [Wrn] [Application.cc:797] [QT] file::qml/IgnCard.qml:128: TypeError: Cannot read property 'pluginToolBarColorLight' of null
(2026-01-07T04:26:41.125303368) (2026-01-07T04:26:41.125306596) [GUI] [Wrn] [Application.cc:797] [QT] file::qml/IgnCard.qml:139: TypeError: Cannot read property 'pluginToolBarTextColorLight' of null
(2026-01-07T04:26:41.125321450) (2026-01-07T04:26:41.125324434) [GUI] [Wrn] [Application.cc:797] [QT] file::qml/IgnCard.qml:128: TypeError: Cannot read property 'pluginToolBarColorLight' of null
(2026-01-07T04:26:41.125337717) (2026-01-07T04:26:41.125340921) [GUI] [Wrn] [Application.cc:797] [QT] file::qml/IgnCard.qml:139: TypeError: Cannot read property 'pluginToolBarTextColorLight' of null
(2026-01-07T04:26:41.125353795) (2026-01-07T04:26:41.125356780) [GUI] [Wrn] [Application.cc:797] [QT] file::qml/IgnCard.qml:128: TypeError: Cannot read property 'pluginToolBarColorLight' of null
(2026-01-07T04:26:41.125372823) (2026-01-07T04:26:41.125375493) [GUI] [Wrn] [Application.cc:797] [QT] file::qml/IgnCard.qml:139: TypeError: Cannot read property 'pluginToolBarTextColorLight' of null
(2026-01-07T04:26:41.125387847) (2026-01-07T04:26:41.125390496) [GUI] [Wrn] [Application.cc:797] [QT] file::qml/IgnCard.qml:128: TypeError: Cannot read property 'pluginToolBarColorLight' of null
(2026-01-07T04:26:41.125403758) (2026-01-07T04:26:41.125406410) [GUI] [Wrn] [Application.cc:797] [QT] file::qml/IgnCard.qml:139: TypeError: Cannot read property 'pluginToolBarTextColorLight' of null
(2026-01-07T04:26:41.125418707) (2026-01-07T04:26:41.125421379) [GUI] [Wrn] [Application.cc:797] [QT] file::qml/IgnCard.qml:128: TypeError: Cannot read property 'pluginToolBarColorLight' of null
(2026-01-07T04:26:41.125435389) (2026-01-07T04:26:41.125438747) [GUI] [Wrn] [Application.cc:797] [QT] file::qml/IgnCard.qml:139: TypeError: Cannot read property 'pluginToolBarTextColorLight' of null
(2026-01-07T04:26:41.125450504) (2026-01-07T04:26:41.125453158) [GUI] [Wrn] [Application.cc:797] [QT] file::qml/IgnCard.qml:128: TypeError: Cannot read property 'pluginToolBarColorLight' of null
(2026-01-07T04:26:41.125464752) (2026-01-07T04:26:41.125467387) [GUI] [Wrn] [Application.cc:797] [QT] file::qml/IgnCard.qml:139: TypeError: Cannot read property 'pluginToolBarTextColorLight' of null
(2026-01-07T04:26:41.125480014) (2026-01-07T04:26:41.125482673) [GUI] [Wrn] [Application.cc:797] [QT] file::qml/IgnCard.qml:128: TypeError: Cannot read property 'pluginToolBarColorLight' of null
(2026-01-07T04:26:41.125495285) (2026-01-07T04:26:41.125497949) [GUI] [Wrn] [Application.cc:797] [QT] file::qml/IgnCard.qml:139: TypeError: Cannot read property 'pluginToolBarTextColorLight' of null
(2026-01-07T04:26:41.125514661) (2026-01-07T04:26:41.125517388) [GUI] [Wrn] [Application.cc:797] [QT] file::qml/IgnCard.qml:128: TypeError: Cannot read property 'pluginToolBarColorLight' of null
(2026-01-07T04:26:41.125530352) (2026-01-07T04:26:41.125532993) [GUI] [Wrn] [Application.cc:797] [QT] file::qml/IgnCard.qml:139: TypeError: Cannot read property 'pluginToolBarTextColorLight' of null
(2026-01-07T04:26:41.125547107) (2026-01-07T04:26:41.125550219) [GUI] [Wrn] [Application.cc:797] [QT] file::qml/IgnCard.qml:128: TypeError: Cannot read property 'pluginToolBarColorLight' of null
(2026-01-07T04:26:41.125565511) (2026-01-07T04:26:41.125568142) [GUI] [Wrn] [Application.cc:797] [QT] file::qml/IgnCard.qml:139: TypeError: Cannot read property 'pluginToolBarTextColorLight' of null
(2026-01-07T04:26:41.125582256) (2026-01-07T04:26:41.125585535) [GUI] [Wrn] [Application.cc:797] [QT] file::qml/IgnCard.qml:128: TypeError: Cannot read property 'pluginToolBarColorLight' of null
(2026-01-07T04:26:41.125597931) (2026-01-07T04:26:41.125600573) [GUI] [Wrn] [Application.cc:797] [QT] file::qml/IgnCard.qml:139: TypeError: Cannot read property 'pluginToolBarTextColorLight' of null
